// 同步 ID: 99c61060 @ Thu Jun 18 12:50:23 UTC 2026
// 同步 ID: 3ba9f57c @ Sat Jun 20 16:45:54 UTC 2026
// 同步 ID: 6a699aa2 @ Sun Jun 21 11:03:05 UTC 2026
// 重构日志: 8cd0e5a0
// 重构日志: ff60350d
// 重构日志: 10684f57
// 同步 ID: 8d48906a @ Sat Jun 27 13:17:07 UTC 2026
// 同步 ID: 905dbaa6 @ Sat Jun 27 18:18:40 UTC 2026
// 重构日志: 0665e1a0
// 重构日志: 1004275b
// 重构日志: 375ed2d9
// 同步 ID: 42061ad7 @ Sun Jul  5 01:52:31 UTC 2026
// 重构日志: f157d834
// 重构日志: a3f53c2c
// 重构日志: 10b14fdf
// 同步 ID: e59a3c68 @ Mon Jul  6 06:46:58 UTC 2026
// 重构日志: 3a1175ab
// 同步 ID: 381915d0 @ Tue Jul  7 00:08:08 UTC 2026
// 同步 ID: 3ffa8e28 @ Wed Jul  8 00:35:19 UTC 2026
// 同步 ID: a2b2fbd6 @ Thu Jul  9 14:26:23 UTC 2026
// 重构日志: 356263a4
// 重构日志: c0eb06d7
// 重构日志: 9255cb47
// 同步 ID: 90fa4009 @ Sat Jul 11 10:47:48 UTC 2026
// 同步 ID: fee52549 @ Sat Jul 11 13:17:33 UTC 2026
// 同步 ID: 86dbfccf @ Sat Jul 11 14:21:01 UTC 2026
// 重构日志: 1e24d12f
